<?xml version="1.0" encoding="UTF-8"?>
<!-- Generated by org.testng.reporters.JUnitXMLReporter -->
<testsuite ignored="1" hostname="Yashi-BStat" failures="1" tests="17" name="Test" time="25.321" errors="0" timestamp="2024-12-23T15:58:38 IST">
  <testcase classname="com.POMtestclass.ProductStoreTest" name="@BeforeClass pagesetup" time="0.003">
    <failure type="java.lang.NullPointerException" message="Cannot invoke &amp;quot;com.pageclass.Homepage.signUp(String, String)&amp;quot; because &amp;quot;this.hp&amp;quot; is null">
      <![CDATA[java.lang.NullPointerException: Cannot invoke "com.pageclass.Homepage.signUp(String, String)" because "this.hp" is null
at com.POMtestclass.ProductStoreTest.pagesetup(ProductStoreTest.java:15)
at java.base/java.util.ArrayList.forEach(ArrayList.java:1597)
... Removed 23 stack frames]]>
    </failure>
  </testcase> <!-- @BeforeClass pagesetup -->
  <testcase classname="com.POMtestclass.homePageTest" name="Test1" time="0.046"/>
  <testcase classname="com.POMtestclass.homePageTest" name="validateSignup" time="5.094"/>
  <testcase classname="com.POMtestclass.homePageTest" name="validateLogin" time="5.111">
    <failure type="org.openqa.selenium.NoAlertPresentException" message="no such alert
  (Session info: chrome=131.0.6778.205)
Build info: version: &amp;apos;4.25.0&amp;apos;, revision: &amp;apos;8a8aea2337&amp;apos;
System info: os.name: &amp;apos;Windows 10&amp;apos;, os.arch: &amp;apos;amd64&amp;apos;, os.version: &amp;apos;10.0&amp;apos;, java.version: &amp;apos;23&amp;apos;
Driver info: org.openqa.selenium.chrome.ChromeDriver
Command: [5045b7cfcea85c945713dbeae3f982cd, getAlertText {}]
Capabilities {acceptInsecureCerts: false, browserName: chrome, browserVersion: 131.0.6778.205, chrome: {chromedriverVersion: 131.0.6778.204 (52183f9e99a..., userDataDir: C:\Users\YASHIA~1\AppData\L...}, fedcm:accounts: true, goog:chromeOptions: {debuggerAddress: localhost:58135}, networkConnectionEnabled: false, pageLoadStrategy: normal, platformName: windows, proxy: Proxy(), se:cdp: ws://localhost:58135/devtoo..., se:cdpVersion: 131.0.6778.205, setWindowRect: true, strictFileInteractability: false, timeouts: {implicit: 0, pageLoad: 300000, script: 30000}, unhandledPromptBehavior: dismiss and notify, webauthn:extension:credBlob: true, webauthn:extension:largeBlob: true, webauthn:extension:minPinLength: true, webauthn:extension:prf: true, webauthn:virtualAuthenticators: true}
Session ID: 5045b7cfcea85c945713dbeae3f982cd">
      <![CDATA[org.openqa.selenium.NoAlertPresentException: no such alert
  (Session info: chrome=131.0.6778.205)
Build info: version: '4.25.0', revision: '8a8aea2337'
System info: os.name: 'Windows 10', os.arch: 'amd64', os.version: '10.0', java.version: '23'
Driver info: org.openqa.selenium.chrome.ChromeDriver
Command: [5045b7cfcea85c945713dbeae3f982cd, getAlertText {}]
Capabilities {acceptInsecureCerts: false, browserName: chrome, browserVersion: 131.0.6778.205, chrome: {chromedriverVersion: 131.0.6778.204 (52183f9e99a..., userDataDir: C:\Users\YASHIA~1\AppData\L...}, fedcm:accounts: true, goog:chromeOptions: {debuggerAddress: localhost:58135}, networkConnectionEnabled: false, pageLoadStrategy: normal, platformName: windows, proxy: Proxy(), se:cdp: ws://localhost:58135/devtoo..., se:cdpVersion: 131.0.6778.205, setWindowRect: true, strictFileInteractability: false, timeouts: {implicit: 0, pageLoad: 300000, script: 30000}, unhandledPromptBehavior: dismiss and notify, webauthn:extension:credBlob: true, webauthn:extension:largeBlob: true, webauthn:extension:minPinLength: true, webauthn:extension:prf: true, webauthn:virtualAuthenticators: true}
Session ID: 5045b7cfcea85c945713dbeae3f982cd
at org.openqa.selenium.remote.ErrorCodec.decode(ErrorCodec.java:167)
at org.openqa.selenium.remote.codec.w3c.W3CHttpResponseCodec.decode(W3CHttpResponseCodec.java:138)
at org.openqa.selenium.remote.codec.w3c.W3CHttpResponseCodec.decode(W3CHttpResponseCodec.java:50)
at org.openqa.selenium.remote.HttpCommandExecutor.execute(HttpCommandExecutor.java:190)
at org.openqa.selenium.remote.service.DriverCommandExecutor.invokeExecute(DriverCommandExecutor.java:216)
at org.openqa.selenium.remote.service.DriverCommandExecutor.execute(DriverCommandExecutor.java:174)
at org.openqa.selenium.remote.RemoteWebDriver.execute(RemoteWebDriver.java:545)
at org.openqa.selenium.remote.RemoteWebDriver.execute(RemoteWebDriver.java:618)
at org.openqa.selenium.remote.RemoteWebDriver.execute(RemoteWebDriver.java:622)
at org.openqa.selenium.remote.RemoteWebDriver$RemoteTargetLocator.alert(RemoteWebDriver.java:1190)
at com.pageclass.Homepage.login(Homepage.java:79)
at com.POMtestclass.homePageTest.validateLogin(homePageTest.java:36)
at java.base/java.util.ArrayList.forEach(ArrayList.java:1597)
... Removed 28 stack frames]]>
    </failure>
  </testcase> <!-- validateLogin -->
  <testcase classname="com.POMtestclass.homePageTest" name="validateNoOfOptions" time="0.045"/>
  <testcase classname="com.POMtestclass.homePageTest" name="validateListOfOptions" time="0.057"/>
  <testcase classname="com.POMtestclass.homePageTest" name="gotoPhones" time="1.616"/>
  <testcase classname="com.POMtestclass.homePageTest" name="getNoOfPhones" time="0.02"/>
  <testcase classname="com.POMtestclass.homePageTest" name="getlistOfPhones" time="0.132"/>
  <testcase classname="com.POMtestclass.homePageTest" name="gotoLaptops" time="1.615"/>
  <testcase classname="com.POMtestclass.homePageTest" name="getNoOfLaptops" time="0.025"/>
  <testcase classname="com.POMtestclass.homePageTest" name="getlistOfLaptops" time="0.096"/>
  <testcase classname="com.POMtestclass.homePageTest" name="gotoMonitors" time="4.122"/>
  <testcase classname="com.POMtestclass.homePageTest" name="getNoOfMonitors" time="0.036"/>
  <testcase classname="com.POMtestclass.homePageTest" name="getlistOfMonitors" time="0.104"/>
  <testcase classname="com.POMtestclass.homePageTest" name="toBuyAMonitor" time="0.306"/>
  <testcase classname="com.POMtestclass.ProductStoreTest" name="addPhoneToCart" time="0.0">
    <skipped/>
  </testcase> <!-- addPhoneToCart -->
  <testcase classname="com.POMtestclass.ProductStoreTest" name="openCart" time="0.0">
    <skipped/>
  </testcase> <!-- openCart -->
  <testcase classname="com.POMtestclass.Baseclass" name="@BeforeTest setup" time="0.0">
    <ignored/>
  </testcase> <!-- @BeforeTest setup -->
</testsuite> <!-- Test -->
